2024-10-18 04:49:49,449:INFO:User asked: what is a tsunami
2024-10-18 04:49:56,970:INFO:User asked: wrong
2024-10-18 04:50:10,398:INFO:User asked: why are you lying
2024-10-18 05:09:16,601:INFO:User asked: weather in nairobi
2024-10-18 05:09:37,720:INFO:User asked: what is a tsunami
2024-10-18 05:10:06,580:INFO:User asked: define global warming
2024-10-18 05:10:28,245:INFO:User asked: what is a car
2024-10-18 05:10:56,390:INFO:User asked: how does methane cause global warming
2024-10-18 05:11:16,307:INFO:User asked: what can we do to stop global warming
2024-10-18 05:11:29,611:INFO:User asked: can you lie?
2024-10-18 05:11:46,541:INFO:User asked: what is your purpose
2024-10-18 05:12:06,905:INFO:User asked: what is weathwer in mombasa
2024-10-18 05:12:15,517:INFO:User asked: what is weather in mombasa
2024-10-18 05:16:08,017:INFO:User asked: define clouds
2024-10-18 05:16:17,073:INFO:User asked: what is a cloud
2024-10-18 05:16:34,372:INFO:User asked: what causes global warming
2024-10-18 05:17:03,245:INFO:User asked: human activities that causes global warming
2024-10-18 05:45:51,447:INFO:User asked: what is global warming
2024-10-18 05:48:04,648:INFO:User asked: what is climate change
2024-10-18 05:48:20,108:INFO:User asked: what causes climate change
2024-10-18 05:48:42,658:INFO:User asked: what type of human activities causes climate change
2024-10-18 05:53:25,013:INFO:User asked: what is climate change
2024-10-18 05:57:15,369:INFO:User asked: climate change
2024-10-18 06:04:31,991:INFO:User asked: what is climate change
2024-10-18 06:06:54,903:INFO:User asked: what is methane
2024-10-18 06:07:06,661:INFO:User asked: what is methane
2024-10-18 06:08:29,888:INFO:User asked: define climate change
2024-10-18 06:09:55,877:INFO:User asked: what causes climate change
2024-10-18 06:11:22,019:INFO:User asked: define global warming
2024-10-18 06:11:43,456:INFO:User asked: what causes global warming
2024-10-18 06:12:00,863:INFO:User asked: what is a tsunami
2024-10-18 06:12:18,206:INFO:User asked: current temperature in nairobi
2024-10-18 06:13:05,725:INFO:User asked: what is a tsunami
2024-10-18 06:15:31,393:INFO:User asked: what is climate change
2024-10-18 06:18:26,300:INFO:User asked: what is global warming
2024-10-18 06:19:25,894:INFO:User asked: global warming
2024-10-18 06:26:43,322:INFO:User asked: what is climate change
2024-10-18 06:26:55,523:INFO:User asked: what causes it
2024-10-18 06:27:00,146:INFO:User asked: such as
2024-10-18 06:27:19,756:INFO:User asked: what human activities causes climate change
2024-10-18 06:27:28,416:INFO:User asked: can you lie
2024-10-18 06:40:42,208:INFO:User asked: Hello
2024-10-18 06:40:42,584:INFO:Assistant answered: Rising global temperatures, leading to heatwaves and extreme weather events
2024-10-18 06:40:54,153:INFO:User asked: what is climate change
2024-10-18 06:40:54,514:INFO:Assistant answered: long-term shifts in temperatures and weather patterns
2024-10-18 06:41:18,615:INFO:User asked: what causes global warming
2024-10-18 06:41:18,991:INFO:Assistant answered: human activities
2024-10-18 06:41:40,797:INFO:User asked: difference between global warming and climate change
2024-10-18 06:41:41,205:INFO:Assistant answered: long-term shifts in temperatures and weather patterns
2024-10-18 06:45:02,532:INFO:User asked: define global warming
2024-10-18 06:45:02,908:INFO:Assistant answered: Rising global temperatures
2024-10-18 06:45:16,482:INFO:User asked: global warming
2024-10-18 06:45:16,795:INFO:Assistant answered: Rising global temperatures
2024-10-18 06:45:25,940:INFO:User asked: methane
2024-10-18 06:45:26,317:INFO:Assistant answered: long-term shifts in temperatures and weather patterns, primarily due to human activities
2024-10-18 06:45:40,502:INFO:User asked: current temperatures in nairobi
2024-10-18 06:45:40,941:INFO:Assistant answered: Rising global temperatures
2024-10-18 06:45:51,192:INFO:User asked: nairobi
2024-10-18 06:45:51,615:INFO:Assistant answered: long-term shifts in temperatures and weather patterns, primarily due to human activities
2024-10-18 06:46:03,336:INFO:User asked: glacier
2024-10-18 06:46:03,713:INFO:Assistant answered: Melting glaciers
2024-10-18 06:46:29,399:INFO:User asked: current temperature in nairobi
2024-10-18 06:46:29,807:INFO:Assistant answered: Rising global temperatures
2024-10-18 06:47:08,172:INFO:User asked: current temperatures in nairobi
2024-10-18 06:47:08,497:INFO:Assistant answered: Rising global temperatures
2024-10-18 06:48:43,623:INFO:User asked: current temperature in nairobi
2024-10-18 06:48:43,947:INFO:Assistant answered: Rising global temperatures
2024-10-18 06:48:53,460:INFO:User asked: climate change
2024-10-18 06:48:53,758:INFO:Assistant answered: long-term shifts in temperatures and weather patterns, primarily due to human activities
2024-10-18 06:49:04,867:INFO:User asked: global warming
2024-10-18 06:49:05,253:INFO:Assistant answered: Rising global temperatures
2024-10-18 06:49:37,569:INFO:User asked: weather in nairobi
2024-10-18 06:49:38,228:INFO:Assistant answered: The current weather in nairobi is broken clouds with a temperature of 15.06°C.
2024-10-18 06:49:56,395:INFO:User asked: tsunami
2024-10-18 06:49:56,819:INFO:Assistant answered: Rising global temperatures, leading to heatwaves and extreme weather events
2024-10-18 06:50:03,891:INFO:User asked: tsunami
2024-10-18 06:50:04,268:INFO:Assistant answered: Rising global temperatures, leading to heatwaves and extreme weather events
2024-10-18 06:51:51,411:INFO:User asked: current weather in nairobi
2024-10-18 06:51:51,850:INFO:Assistant answered: The current weather in nairobi is broken clouds with a temperature of 15.06°C.
2024-10-18 06:52:47,102:INFO:User asked: current weather in london
2024-10-18 06:52:47,575:INFO:Assistant answered: The current weather in london is scattered clouds with a temperature of 9.2°C.
2024-10-18 06:53:07,832:INFO:User asked: causes of rise in temperatures
2024-10-18 06:53:08,145:INFO:Assistant answered: long-term shifts in temperatures and weather patterns, primarily due to human activities
2024-10-18 06:53:21,085:INFO:User asked: causes of rise in temperature
2024-10-18 06:53:21,460:INFO:Assistant answered: human activities
2024-10-18 06:53:39,092:INFO:User asked: solutions to global warming
2024-10-18 06:53:39,496:INFO:Assistant answered: Utilizing solar, wind, and hydro power to reduce carbon emissions
2024-10-18 09:38:27,837:INFO:User asked: who are you
2024-10-18 09:38:28,693:INFO:Assistant answered: communities
2024-10-18 09:46:28,867:INFO:User asked: Hello
2024-10-18 09:46:28,867:INFO:Assistant answered: Hello! How can I assist you with climate change or weather-related questions today?
2024-10-18 09:46:43,583:INFO:User asked: weather in nairobi city
2024-10-18 09:46:44,414:INFO:Assistant answered: Sorry, I couldn't fetch the weather data. Please check the city name.
2024-10-18 09:47:03,529:INFO:User asked: weather for nairobi city
2024-10-18 09:47:03,529:INFO:Assistant answered: Please specify a city.
2024-10-18 09:47:11,431:INFO:User asked: london
2024-10-18 09:47:12,158:INFO:Assistant answered: long-term shifts in temperatures and weather patterns, primarily due to human activities
2024-10-18 09:48:13,638:INFO:User asked: hello
2024-10-18 09:48:14,199:INFO:Assistant answered: Rising global temperatures
2024-10-18 09:48:18,967:INFO:User asked: hello
2024-10-18 09:48:19,619:INFO:Assistant answered: Rising global temperatures
2024-10-18 09:48:31,595:INFO:User asked: weather in nairobi city
2024-10-18 09:48:32,104:INFO:Assistant answered: Sorry, I couldn't fetch the weather data. Please check the city name.
2024-10-18 09:52:01,237:INFO:User asked: Hello
2024-10-18 09:52:01,237:INFO:Assistant answered: Hello! How can I assist you with climate change or weather-related questions today?
2024-10-18 09:52:16,196:INFO:User asked: causes of climate change
2024-10-18 09:52:16,798:INFO:Assistant answered: long-term shifts in temperatures and weather patterns, primarily due to human activities
2024-10-18 09:52:28,815:INFO:User asked: what is a tsunami
2024-10-18 09:52:29,479:INFO:Assistant answered: Melting glaciers
2024-10-18 09:52:41,135:INFO:User asked: what is methane
2024-10-18 09:52:41,747:INFO:Assistant answered: long-term shifts in temperatures and weather patterns
2024-10-18 09:55:45,618:INFO:User asked: Hello
2024-10-18 09:55:45,618:INFO:Assistant answered: Hello! How can I assist you with climate change or weather-related questions today?
2024-10-18 09:55:58,582:INFO:User asked: weather in nairobi
2024-10-18 09:55:59,079:INFO:Assistant answered: The current weather in nairobi is broken clouds with a temperature of 18.93°C.
2024-10-18 09:56:09,343:INFO:User asked: causes of climate change
2024-10-18 09:56:10,008:INFO:Assistant answered: long-term shifts in temperatures and weather patterns, primarily due to human activities
2024-10-18 09:56:22,000:INFO:User asked: human activities that cause climate change
2024-10-18 09:56:22,609:INFO:Assistant answered: long-term shifts in temperatures and weather patterns
2024-10-18 09:56:28,498:INFO:User asked: wrong answer
2024-10-18 09:56:29,135:INFO:Assistant answered: Educating communities about climate impacts and sustainable practices
2024-10-18 10:03:34,936:INFO:User asked: What are the effects of climate change
2024-10-18 10:03:35,603:INFO:Assistant answered: long-term shifts in temperatures and weather patterns
2024-10-18 10:04:24,959:INFO:User asked: Hi
2024-10-18 10:04:24,959:INFO:Assistant answered: Hello! How can I assist you with climate change or weather-related questions today?
2024-10-18 10:04:34,927:INFO:User asked: weather in nairobi
2024-10-18 10:04:34,997:INFO:Assistant answered: The current weather in nairobi is broken clouds with a temperature of 18.93°C.
2024-10-18 10:05:13,769:INFO:User asked: what are the effects of climate change
2024-10-18 10:05:14,639:INFO:Assistant answered: Rising global temperatures, leading to heatwaves and extreme weather events
2024-10-18 10:05:51,197:INFO:User asked: define clouds
2024-10-18 10:05:52,069:INFO:Assistant answered: Melting glaciers and polar ice caps
2024-10-18 10:06:08,259:INFO:User asked: What human activities cause climate change?
2024-10-18 10:06:09,048:INFO:Assistant answered: Burning Fossil Fuels
2024-10-18 10:06:18,336:INFO:User asked: what are fossil fuels
2024-10-18 10:06:19,183:INFO:Assistant answered: coal, oil, and gas
2024-10-18 10:06:43,371:INFO:User asked: what are some of solutions we can implement to slow down global warming
2024-10-18 10:06:44,218:INFO:Assistant answered: Utilizing solar, wind, and hydro power to reduce carbon emissions
2024-10-18 10:06:49,425:INFO:User asked: explain more
2024-10-18 10:06:50,388:INFO:Assistant answered: Educating communities about climate impacts and sustainable practices
2024-10-18 10:06:54,287:INFO:User asked: more
2024-10-18 10:06:55,178:INFO:Assistant answered: primarily due to human activities
2024-10-18 10:10:41,280:INFO:User asked: Hi
2024-10-18 10:10:42,543:INFO:Assistant answered: Planting trees to absorb CO2 and restore natural habitats
2024-10-18 10:10:45,636:INFO:User asked: hi
2024-10-18 10:10:46,899:INFO:Assistant answered: Planting trees to absorb CO2 and restore natural habitats
2024-10-18 10:12:56,115:INFO:User asked: hu
2024-10-18 10:12:57,425:INFO:Assistant answered: Planting trees to absorb CO2 and restore natural habitats
2024-10-18 10:13:11,028:INFO:User asked: hi
2024-10-18 10:13:11,028:INFO:Assistant answered: Hello! How can I assist you with climate change or weather-related questions today?
2024-10-18 10:13:17,997:INFO:User asked: weather in london
2024-10-18 10:13:18,602:INFO:Assistant answered: The current weather in london is fog with a temperature of 8.75°C.
2024-10-18 10:13:39,672:INFO:User asked: what is a cloud?
2024-10-18 10:13:40,573:INFO:Assistant answered: Cutting down trees
2024-10-18 10:16:22,519:INFO:User asked: Hi
2024-10-18 10:16:22,519:INFO:Assistant answered: Hello! How can I assist you with climate change or weather-related questions today?
2024-10-18 10:16:38,771:INFO:User asked: define climate change
2024-10-18 10:16:38,882:INFO:Assistant answered: long-term shifts in temperatures and weather patterns
2024-10-18 10:16:51,453:INFO:User asked: define global warming
2024-10-18 10:16:51,660:INFO:Assistant answered: long-term shifts in temperatures and weather patterns
2024-10-18 10:17:04,086:INFO:User asked: solutions to climate change
2024-10-18 10:17:04,292:INFO:Assistant answered: long-term shifts in temperatures and weather patterns
2024-10-18 10:17:12,545:INFO:User asked: wrong
2024-10-18 10:17:12,645:INFO:Assistant answered: human activities
2024-10-18 10:17:34,642:INFO:User asked: causes of climate change
2024-10-18 10:17:34,783:INFO:Assistant answered: long-term shifts in temperatures and weather patterns, primarily due to human activities
2024-10-18 10:29:05,822:INFO:User asked: Hi
2024-10-18 10:29:05,822:INFO:Assistant answered: Hello! How can I assist you with climate change or weather-related questions today?
2024-10-18 10:29:17,239:INFO:User asked: State the weather in London
2024-10-18 10:29:18,196:INFO:Assistant answered: The current weather in London is fog with a temperature of 8.71°C.
2024-10-18 10:29:33,353:INFO:User asked: define climate change
2024-10-18 10:29:37,694:INFO:Assistant answered: Couldn't fetch data. Please try again.
2024-10-18 10:29:45,200:INFO:User asked: climate change
2024-10-18 10:29:48,715:INFO:Assistant answered: Couldn't fetch data. Please try again.
2024-10-18 10:42:34,643:INFO:User asked: Hello
2024-10-18 10:42:34,645:INFO:Assistant answered: Hello! How can I assist you with climate change or weather-related questions today?
2024-10-18 10:42:48,232:INFO:User asked: weather in london
2024-10-18 10:42:48,237:INFO:Assistant answered: The current weather in london is fog with a temperature of 8.75°C.
2024-10-18 10:42:55,600:INFO:User asked: causes of climate change
2024-10-18 10:42:59,095:INFO:Assistant answered: Couldn't fetch data. Please try again.
2024-10-18 10:50:35,516:INFO:User asked: causes of climate change
2024-10-18 10:50:35,524:INFO:Assistant answered: Couldn't fetch data. Please try again.
2024-10-18 10:50:39,893:INFO:User asked: causes of climate change
2024-10-18 10:50:39,906:INFO:Assistant answered: Couldn't fetch data. Please try again.
2024-10-18 10:51:01,272:INFO:User asked: what is ice melting
2024-10-18 10:51:01,273:INFO:Assistant answered: I'm sorry, I don't have enough information to answer that right now. Could you rephrase your question?
2024-10-18 10:58:34,590:INFO:User asked: Hi
2024-10-18 10:58:34,590:INFO:Assistant answered: Hello! How can I assist you with climate change or weather-related questions today?
2024-10-18 10:58:42,338:INFO:User asked: weather in london
2024-10-18 10:58:43,142:INFO:Assistant answered: The current weather in london is fog with a temperature of 9.47°C.
2024-10-18 10:58:53,898:INFO:User asked: what is climate change
2024-10-18 10:58:56,950:INFO:Assistant answered: Couldn't fetch data. Please try again.
2024-10-18 11:01:20,164:INFO:User asked: Hi
2024-10-18 11:01:20,164:INFO:Assistant answered: Hello! How can I assist you with climate change or weather-related questions today?
2024-10-18 11:01:27,530:INFO:User asked: weather in london
